<?xml version="1.0" encoding="UTF-8"?>
<testng-results ignored="0" total="1" passed="1" failed="0" skipped="0">
  <reporter-output>
  </reporter-output>
  <suite started-at="2024-09-30T20:42:10 IST" name="Default suite" finished-at="2024-09-30T20:42:57 IST" duration-ms="47292">
    <groups>
    </groups>
    <test started-at="2024-09-30T20:42:10 IST" name="Default test" finished-at="2024-09-30T20:42:57 IST" duration-ms="47292">
      <class name="kazotest.KazocomTest">
        <test-method is-config="true" signature="setUp()[pri:0, instance:kazotest.KazocomTest@32502377]" started-at="2024-09-30T20:42:10 IST" name="setUp" finished-at="2024-09-30T20:42:15 IST" duration-ms="4513" status="PASS">
          <reporter-output>
          </reporter-output>
        </test-method> <!-- setUp -->
        <test-method signature="homepage()[pri:0, instance:kazotest.KazocomTest@32502377]" started-at="2024-09-30T20:42:15 IST" name="homepage" finished-at="2024-09-30T20:42:55 IST" duration-ms="40478" status="PASS">
          <reporter-output>
          </reporter-output>
        </test-method> <!-- homepage -->
        <test-method is-config="true" signature="tearDown()[pri:0, instance:kazotest.KazocomTest@32502377]" started-at="2024-09-30T20:42:55 IST" name="tearDown" finished-at="2024-09-30T20:42:57 IST" duration-ms="2274" status="PASS">
          <reporter-output>
          </reporter-output>
        </test-method> <!-- tearDown -->
      </class> <!-- kazotest.KazocomTest -->
    </test> <!-- Default test -->
  </suite> <!-- Default suite -->
</testng-results>
